<?xml version="1.0" encoding="UTF-8"?>
<!-- Generated by org.testng.reporters.JUnitXMLReporter -->
<testsuite hostname="VISHGARG-LAP" ignored="0" name="Test" tests="1" failures="1" timestamp="10 Oct 2017 06:20:59 GMT" time="0.106" errors="0">
  <testcase name="test" time="0.019" classname="String.ReverseString">
    <failure type="java.lang.StackOverflowError">
      <![CDATA[java.lang.StackOverflowError
	at String.ReverseString.reverseString_1(ReverseString.java:12)
	at String.ReverseString.reverseString_1(ReverseString.java:14)
	at String.ReverseString.reverseString_1(ReverseString.java:14)
	at String.ReverseString.reverseString_1(ReverseString.java:14)
	at String.ReverseString.reverseString_1(ReverseString.java:14)
	at String.ReverseString.reverseString_1(ReverseString.java:14)
	at String.ReverseString.reverseString_1(ReverseString.java:14)
	at String.ReverseString.reverseString_1(ReverseString.java:14)
	at String.ReverseString.reverseString_1(ReverseString.java:14)
	at String.ReverseString.reverseString_1(ReverseString.java:14)
	at String.ReverseString.reverseString_1(ReverseString.java:14)
	at String.ReverseString.reverseString_1(ReverseString.java:14)
	at String.ReverseString.reverseString_1(ReverseString.java:14)
	at String.ReverseString.reverseString_1(ReverseString.java:14)
	at String.ReverseString.reverseString_1(ReverseString.java:14)
	at String.ReverseString.reverseString_1(ReverseString.java:14)
	at String.ReverseString.reverseString_1(ReverseString.java:14)
	at String.ReverseString.reverseString_1(ReverseString.java:14)
	at String.ReverseString.reverseString_1(ReverseString.java:14)
	at String.ReverseString.reverseString_1(ReverseString.java:14)
	at String.ReverseString.reverseString_1(ReverseString.java:14)
	at String.ReverseString.reverseString_1(ReverseString.java:14)
	at String.ReverseString.reverseString_1(ReverseString.java:14)
	at String.ReverseString.reverseString_1(ReverseString.java:14)
	at String.ReverseString.reverseString_1(ReverseString.java:14)
	at String.ReverseString.reverseString_1(ReverseString.java:14)
	at String.ReverseString.reverseString_1(ReverseString.java:14)
	at String.ReverseString.reverseString_1(ReverseString.java:14)
	at String.ReverseString.reverseString_1(ReverseString.java:14)
	at String.ReverseString.reverseString_1(ReverseString.java:14)
	at String.ReverseString.reverseString_1(ReverseString.java:14)
	at String.ReverseString.reverseString_1(ReverseString.java:14)
	at String.ReverseString.reverseString_1(ReverseString.java:14)
	at String.ReverseString.reverseString_1(ReverseString.java:14)
	at String.ReverseString.reverseString_1(ReverseString.java:14)
	at String.ReverseString.reverseString_1(ReverseString.java:14)
	at String.ReverseString.reverseString_1(ReverseString.java:14)
	at String.ReverseString.reverseString_1(ReverseString.java:14)
	at String.ReverseString.reverseString_1(ReverseString.java:14)
	at String.ReverseString.reverseString_1(ReverseString.java:14)
	at String.ReverseString.reverseString_1(ReverseString.java:14)
	at String.ReverseString.reverseString_1(ReverseString.java:14)
	at String.ReverseString.reverseString_1(ReverseString.java:14)
	at String.ReverseString.reverseString_1(ReverseString.java:14)
	at String.ReverseString.reverseString_1(ReverseString.java:14)
	at String.ReverseString.reverseString_1(ReverseString.java:14)
	at String.ReverseString.reverseString_1(ReverseString.java:14)
	at String.ReverseString.reverseString_1(ReverseString.java:14)
	at String.ReverseString.reverseString_1(ReverseString.java:14)
	at String.ReverseString.reverseString_1(ReverseString.java:14)
	at String.ReverseString.reverseString_1(ReverseString.java:14)
	at String.ReverseString.reverseString_1(ReverseString.java:14)
	at String.ReverseString.reverseString_1(ReverseString.java:14)
	at String.ReverseString.reverseString_1(ReverseString.java:14)
	at String.ReverseString.reverseString_1(ReverseString.java:14)
	at String.ReverseString.reverseString_1(ReverseString.java:14)
	at String.ReverseString.reverseString_1(ReverseString.java:14)
	at String.ReverseString.reverseString_1(ReverseString.java:14)
	at String.ReverseString.reverseString_1(ReverseString.java:14)
	at String.ReverseString.reverseString_1(ReverseString.java:14)
	at String.ReverseString.reverseString_1(ReverseString.java:14)
	at String.ReverseString.reverseString_1(ReverseString.java:14)
	at String.ReverseString.reverseString_1(ReverseString.java:14)
	at String.ReverseString.reverseString_1(ReverseString.java:14)
	at String.ReverseString.reverseString_1(ReverseString.java:14)
	at String.ReverseString.reverseString_1(ReverseString.java:14)
	at String.ReverseString.reverseString_1(ReverseString.java:14)
	at String.ReverseString.reverseString_1(ReverseString.java:14)
	at String.ReverseString.reverseString_1(ReverseString.java:14)
	at String.ReverseString.reverseString_1(ReverseString.java:14)
	at String.ReverseString.reverseString_1(ReverseString.java:14)
	at String.ReverseString.reverseString_1(ReverseString.java:14)
	at String.ReverseString.reverseString_1(ReverseString.java:14)
	at String.ReverseString.reverseString_1(ReverseString.java:14)
	at String.ReverseString.reverseString_1(ReverseString.java:14)
	at String.ReverseString.reverseString_1(ReverseString.java:14)
	at String.ReverseString.reverseString_1(ReverseString.java:14)
	at String.ReverseString.reverseString_1(ReverseString.java:14)
	at String.ReverseString.reverseString_1(ReverseString.java:14)
	at String.ReverseString.reverseString_1(ReverseString.java:14)
	at String.ReverseString.reverseString_1(ReverseString.java:14)
	at String.ReverseString.reverseString_1(ReverseString.java:14)
	at String.ReverseString.reverseString_1(ReverseString.java:14)
	at String.ReverseString.reverseString_1(ReverseString.java:14)
	at String.ReverseString.reverseString_1(ReverseString.java:14)
	at String.ReverseString.reverseString_1(ReverseString.java:14)
	at String.ReverseString.reverseString_1(ReverseString.java:14)
	at String.ReverseString.reverseString_1(ReverseString.java:14)
	at String.ReverseString.reverseString_1(ReverseString.java:14)
	at String.ReverseString.reverseString_1(ReverseString.java:14)
	at String.ReverseString.reverseString_1(ReverseString.java:14)
	at String.ReverseString.reverseString_1(ReverseString.java:14)
	at String.ReverseString.reverseString_1(ReverseString.java:14)
	at String.ReverseString.reverseString_1(ReverseString.java:14)
	at String.ReverseString.reverseString_1(ReverseString.java:14)
	at String.ReverseString.reverseString_1(ReverseString.java:14)
	at String.ReverseString.reverseString_1(ReverseString.java:14)
	at String.ReverseString.reverseString_1(ReverseString.java:14)
	at String.ReverseString.reverseString_1(ReverseString.java:14)
	at String.ReverseString.reverseString_1(ReverseString.java:14)
	at String.ReverseString.reverseString_1(ReverseString.java:14)
	at String.ReverseString.reverseString_1(ReverseString.java:14)
	at String.ReverseString.reverseString_1(ReverseString.java:14)
	at String.ReverseString.reverseString_1(ReverseString.java:14)
	at String.ReverseString.reverseString_1(ReverseString.java:14)
	at String.ReverseString.reverseString_1(ReverseString.java:14)
	at String.ReverseString.reverseString_1(ReverseString.java:14)
	at String.ReverseString.reverseString_1(ReverseString.java:14)
	at String.ReverseString.reverseString_1(ReverseString.java:14)
	at String.ReverseString.reverseString_1(ReverseString.java:14)
	at String.ReverseString.reverseString_1(ReverseString.java:14)
	at String.ReverseString.reverseString_1(ReverseString.java:14)
	at String.ReverseString.reverseString_1(ReverseString.java:14)
	at String.ReverseString.reverseString_1(ReverseString.java:14)
	at String.ReverseString.reverseString_1(ReverseString.java:14)
	at String.ReverseString.reverseString_1(ReverseString.java:14)
	at String.ReverseString.reverseString_1(ReverseString.java:14)
	at String.ReverseString.reverseString_1(ReverseString.java:14)
	at String.ReverseString.reverseString_1(ReverseString.java:14)
	at String.ReverseString.reverseString_1(ReverseString.java:14)
	at String.ReverseString.reverseString_1(ReverseString.java:14)
	at String.ReverseString.reverseString_1(ReverseString.java:14)
	at String.ReverseString.reverseString_1(ReverseString.java:14)
	at String.ReverseString.reverseString_1(ReverseString.java:14)
	at String.ReverseString.reverseString_1(ReverseString.java:14)
	at String.ReverseString.reverseString_1(ReverseString.java:14)
	at String.ReverseString.reverseString_1(ReverseString.java:14)
	at String.ReverseString.reverseString_1(ReverseString.java:14)
	at String.ReverseString.reverseString_1(ReverseString.java:14)
	at String.ReverseString.reverseString_1(ReverseString.java:14)
	at String.ReverseString.reverseString_1(ReverseString.java:14)
	at String.ReverseString.reverseString_1(ReverseString.java:14)
	at String.ReverseString.reverseString_1(ReverseString.java:14)
	at String.ReverseString.reverseString_1(ReverseString.java:14)
	at String.ReverseString.reverseString_1(ReverseString.java:14)
	at String.ReverseString.reverseString_1(ReverseString.java:14)
	at String.ReverseString.reverseString_1(ReverseString.java:14)
	at String.ReverseString.reverseString_1(ReverseString.java:14)
	at String.ReverseString.reverseString_1(ReverseString.java:14)
	at String.ReverseString.reverseString_1(ReverseString.java:14)
	at String.ReverseString.reverseString_1(ReverseString.java:14)
	at String.ReverseString.reverseString_1(ReverseString.java:14)
	at String.ReverseString.reverseString_1(ReverseString.java:14)
	at String.ReverseString.reverseString_1(ReverseString.java:14)
	at String.ReverseString.reverseString_1(ReverseString.java:14)
	at String.ReverseString.reverseString_1(ReverseString.java:14)
	at String.ReverseString.reverseString_1(ReverseString.java:14)
	at String.ReverseString.reverseString_1(ReverseString.java:14)
	at String.ReverseString.reverseString_1(ReverseString.java:14)
	at String.ReverseString.reverseString_1(ReverseString.java:14)
	at String.ReverseString.reverseString_1(ReverseString.java:14)
	at String.ReverseString.reverseString_1(ReverseString.java:14)
	at String.ReverseString.reverseString_1(ReverseString.java:14)
	at String.ReverseString.reverseString_1(ReverseString.java:14)
	at String.ReverseString.reverseString_1(ReverseString.java:14)
	at String.ReverseString.reverseString_1(ReverseString.java:14)
	at String.ReverseString.reverseString_1(ReverseString.java:14)
	at String.ReverseString.reverseString_1(ReverseString.java:14)
	at String.ReverseString.reverseString_1(ReverseString.java:14)
	at String.ReverseString.reverseString_1(ReverseString.java:14)
	at String.ReverseString.reverseString_1(ReverseString.java:14)
	at String.ReverseString.reverseString_1(ReverseString.java:14)
	at String.ReverseString.reverseString_1(ReverseString.java:14)
	at String.ReverseString.reverseString_1(ReverseString.java:14)
	at String.ReverseString.reverseString_1(ReverseString.java:14)
	at String.ReverseString.reverseString_1(ReverseString.java:14)
	at String.ReverseString.reverseString_1(ReverseString.java:14)
	at String.ReverseString.reverseString_1(ReverseString.java:14)
	at String.ReverseString.reverseString_1(ReverseString.java:14)
	at String.ReverseString.reverseString_1(ReverseString.java:14)
	at String.ReverseString.reverseString_1(ReverseString.java:14)
	at String.ReverseString.reverseString_1(ReverseString.java:14)
	at String.ReverseString.reverseString_1(ReverseString.java:14)
	at String.ReverseString.reverseString_1(ReverseString.java:14)
	at String.ReverseString.reverseString_1(ReverseString.java:14)
	at String.ReverseString.reverseString_1(ReverseString.java:14)
	at String.ReverseString.reverseString_1(ReverseString.java:14)
	at String.ReverseString.reverseString_1(ReverseString.java:14)
	at String.ReverseString.reverseString_1(ReverseString.java:14)
	at String.ReverseString.reverseString_1(ReverseString.java:14)
	at String.ReverseString.reverseString_1(ReverseString.java:14)
	at String.ReverseString.reverseString_1(ReverseString.java:14)
	at String.ReverseString.reverseString_1(ReverseString.java:14)
	at String.ReverseString.reverseString_1(ReverseString.java:14)
	at String.ReverseString.reverseString_1(ReverseString.java:14)
	at String.ReverseString.reverseString_1(ReverseString.java:14)
	at String.ReverseString.reverseString_1(ReverseString.java:14)
	at String.ReverseString.reverseString_1(ReverseString.java:14)
	at String.ReverseString.reverseString_1(ReverseString.java:14)
	at String.ReverseString.reverseString_1(ReverseString.java:14)
	at String.ReverseString.reverseString_1(ReverseString.java:14)
	at String.ReverseString.reverseString_1(ReverseString.java:14)
	at String.ReverseString.reverseString_1(ReverseString.java:14)
	at String.ReverseString.reverseString_1(ReverseString.java:14)
	at String.ReverseString.reverseString_1(ReverseString.java:14)
	at String.ReverseString.reverseString_1(ReverseString.java:14)
	at String.ReverseString.reverseString_1(ReverseString.java:14)
	at String.ReverseString.reverseString_1(ReverseString.java:14)
	at String.ReverseString.reverseString_1(ReverseString.java:14)
	at String.ReverseString.reverseString_1(ReverseString.java:14)
	at String.ReverseString.reverseString_1(ReverseString.java:14)
	at String.ReverseString.reverseString_1(ReverseString.java:14)
	at String.ReverseString.reverseString_1(ReverseString.java:14)
	at String.ReverseString.reverseString_1(ReverseString.java:14)
	at String.ReverseString.reverseString_1(ReverseString.java:14)
	at String.ReverseString.reverseString_1(ReverseString.java:14)
	at String.ReverseString.reverseString_1(ReverseString.java:14)
	at String.ReverseString.reverseString_1(ReverseString.java:14)
	at String.ReverseString.reverseString_1(ReverseString.java:14)
	at String.ReverseString.reverseString_1(ReverseString.java:14)
	at String.ReverseString.reverseString_1(ReverseString.java:14)
	at String.ReverseString.reverseString_1(ReverseString.java:14)
	at String.ReverseString.reverseString_1(ReverseString.java:14)
	at String.ReverseString.reverseString_1(ReverseString.java:14)
	at String.ReverseString.reverseString_1(ReverseString.java:14)
	at String.ReverseString.reverseString_1(ReverseString.java:14)
	at String.ReverseString.reverseString_1(ReverseString.java:14)
	at String.ReverseString.reverseString_1(ReverseString.java:14)
	at String.ReverseString.reverseString_1(ReverseString.java:14)
	at String.ReverseString.reverseString_1(ReverseString.java:14)
	at String.ReverseString.reverseString_1(ReverseString.java:14)
	at String.ReverseString.reverseString_1(ReverseString.java:14)
	at String.ReverseString.reverseString_1(ReverseString.java:14)
	at String.ReverseString.reverseString_1(ReverseString.java:14)
	at String.ReverseString.reverseString_1(ReverseString.java:14)
	at String.ReverseString.reverseString_1(ReverseString.java:14)
	at String.ReverseString.reverseString_1(ReverseString.java:14)
	at String.ReverseString.reverseString_1(ReverseString.java:14)
	at String.ReverseString.reverseString_1(ReverseString.java:14)
	at String.ReverseString.reverseString_1(ReverseString.java:14)
	at String.ReverseString.reverseString_1(ReverseString.java:14)
	at String.ReverseString.reverseString_1(ReverseString.java:14)
	at String.ReverseString.reverseString_1(ReverseString.java:14)
	at String.ReverseString.reverseString_1(ReverseString.java:14)
	at String.ReverseString.reverseString_1(ReverseString.java:14)
	at String.ReverseString.reverseString_1(ReverseString.java:14)
	at String.ReverseString.reverseString_1(ReverseString.java:14)
	at String.ReverseString.reverseString_1(ReverseString.java:14)
	at String.ReverseString.reverseString_1(ReverseString.java:14)
	at String.ReverseString.reverseString_1(ReverseString.java:14)
	at String.ReverseString.reverseString_1(ReverseString.java:14)
	at String.ReverseString.reverseString_1(ReverseString.java:14)
	at String.ReverseString.reverseString_1(ReverseString.java:14)
	at String.ReverseString.reverseString_1(ReverseString.java:14)
	at String.ReverseString.reverseString_1(ReverseString.java:14)
	at String.ReverseString.reverseString_1(ReverseString.java:14)
	at String.ReverseString.reverseString_1(ReverseString.java:14)
	at String.ReverseString.reverseString_1(ReverseString.java:14)
	at String.ReverseString.reverseString_1(ReverseString.java:14)
	at String.ReverseString.reverseString_1(ReverseString.java:14)
	at String.ReverseString.reverseString_1(ReverseString.java:14)
	at String.ReverseString.reverseString_1(ReverseString.java:14)
	at String.ReverseString.reverseString_1(ReverseString.java:14)
	at String.ReverseString.reverseString_1(ReverseString.java:14)
	at String.ReverseString.reverseString_1(ReverseString.java:14)
	at String.ReverseString.reverseString_1(ReverseString.java:14)
	at String.ReverseString.reverseString_1(ReverseString.java:14)
	at String.ReverseString.reverseString_1(ReverseString.java:14)
	at String.ReverseString.reverseString_1(ReverseString.java:14)
	at String.ReverseString.reverseString_1(ReverseString.java:14)
	at String.ReverseString.reverseString_1(ReverseString.java:14)
	at String.ReverseString.reverseString_1(ReverseString.java:14)
	at String.ReverseString.reverseString_1(ReverseString.java:14)
	at String.ReverseString.reverseString_1(ReverseString.java:14)
	at String.ReverseString.reverseString_1(ReverseString.java:14)
	at String.ReverseString.reverseString_1(ReverseString.java:14)
	at String.ReverseString.reverseString_1(ReverseString.java:14)
	at String.ReverseString.reverseString_1(ReverseString.java:14)
	at String.ReverseString.reverseString_1(ReverseString.java:14)
	at String.ReverseString.reverseString_1(ReverseString.java:14)
	at String.ReverseString.reverseString_1(ReverseString.java:14)
	at String.ReverseString.reverseString_1(ReverseString.java:14)
	at String.ReverseString.reverseString_1(ReverseString.java:14)
	at String.ReverseString.reverseString_1(ReverseString.java:14)
	at String.ReverseString.reverseString_1(ReverseString.java:14)
	at String.ReverseString.reverseString_1(ReverseString.java:14)
	at String.ReverseString.reverseString_1(ReverseString.java:14)
	at String.ReverseString.reverseString_1(ReverseString.java:14)
	at String.ReverseString.reverseString_1(ReverseString.java:14)
	at String.ReverseString.reverseString_1(ReverseString.java:14)
	at String.ReverseString.reverseString_1(ReverseString.java:14)
	at String.ReverseString.reverseString_1(ReverseString.java:14)
	at String.ReverseString.reverseString_1(ReverseString.java:14)
	at String.ReverseString.reverseString_1(ReverseString.java:14)
	at String.ReverseString.reverseString_1(ReverseString.java:14)
	at String.ReverseString.reverseString_1(ReverseString.java:14)
	at String.ReverseString.reverseString_1(ReverseString.java:14)
	at String.ReverseString.reverseString_1(ReverseString.java:14)
	at String.ReverseString.reverseString_1(ReverseString.java:14)
	at String.ReverseString.reverseString_1(ReverseString.java:14)
	at String.ReverseString.reverseString_1(ReverseString.java:14)
	at String.ReverseString.reverseString_1(ReverseString.java:14)
	at String.ReverseString.reverseString_1(ReverseString.java:14)
	at String.ReverseString.reverseString_1(ReverseString.java:14)
	at String.ReverseString.reverseString_1(ReverseString.java:14)
	at String.ReverseString.reverseString_1(ReverseString.java:14)
	at String.ReverseString.reverseString_1(ReverseString.java:14)
	at String.ReverseString.reverseString_1(ReverseString.java:14)
	at String.ReverseString.reverseString_1(ReverseString.java:14)
	at String.ReverseString.reverseString_1(ReverseString.java:14)
	at String.ReverseString.reverseString_1(ReverseString.java:14)
	at String.ReverseString.reverseString_1(ReverseString.java:14)
	at String.ReverseString.reverseString_1(ReverseString.java:14)
	at String.ReverseString.reverseString_1(ReverseString.java:14)
	at String.ReverseString.reverseString_1(ReverseString.java:14)
	at String.ReverseString.reverseString_1(ReverseString.java:14)
	at String.ReverseString.reverseString_1(ReverseString.java:14)
	at String.ReverseString.reverseString_1(ReverseString.java:14)
	at String.ReverseString.reverseString_1(ReverseString.java:14)
	at String.ReverseString.reverseString_1(ReverseString.java:14)
	at String.ReverseString.reverseString_1(ReverseString.java:14)
	at String.ReverseString.reverseString_1(ReverseString.java:14)
	at String.ReverseString.reverseString_1(ReverseString.java:14)
	at String.ReverseString.reverseString_1(ReverseString.java:14)
	at String.ReverseString.reverseString_1(ReverseString.java:14)
	at String.ReverseString.reverseString_1(ReverseString.java:14)
	at String.ReverseString.reverseString_1(ReverseString.java:14)
	at String.ReverseString.reverseString_1(ReverseString.java:14)
	at String.ReverseString.reverseString_1(ReverseString.java:14)
	at String.ReverseString.reverseString_1(ReverseString.java:14)
	at String.ReverseString.reverseString_1(ReverseString.java:14)
	at String.ReverseString.reverseString_1(ReverseString.java:14)
	at String.ReverseString.reverseString_1(ReverseString.java:14)
	at String.ReverseString.reverseString_1(ReverseString.java:14)
	at String.ReverseString.reverseString_1(ReverseString.java:14)
	at String.ReverseString.reverseString_1(ReverseString.java:14)
	at String.ReverseString.reverseString_1(ReverseString.java:14)
	at String.ReverseString.reverseString_1(ReverseString.java:14)
	at String.ReverseString.reverseString_1(ReverseString.java:14)
	at String.ReverseString.reverseString_1(ReverseString.java:14)
	at String.ReverseString.reverseString_1(ReverseString.java:14)
	at String.ReverseString.reverseString_1(ReverseString.java:14)
	at String.ReverseString.reverseString_1(ReverseString.java:14)
	at String.ReverseString.reverseString_1(ReverseString.java:14)
	at String.ReverseString.reverseString_1(ReverseString.java:14)
	at String.ReverseString.reverseString_1(ReverseString.java:14)
	at String.ReverseString.reverseString_1(ReverseString.java:14)
	at String.ReverseString.reverseString_1(ReverseString.java:14)
	at String.ReverseString.reverseString_1(ReverseString.java:14)
	at String.ReverseString.reverseString_1(ReverseString.java:14)
	at String.ReverseString.reverseString_1(ReverseString.java:14)
	at String.ReverseString.reverseString_1(ReverseString.java:14)
	at String.ReverseString.reverseString_1(ReverseString.java:14)
	at String.ReverseString.reverseString_1(ReverseString.java:14)
	at String.ReverseString.reverseString_1(ReverseString.java:14)
	at String.ReverseString.reverseString_1(ReverseString.java:14)
	at String.ReverseString.reverseString_1(ReverseString.java:14)
	at String.ReverseString.reverseString_1(ReverseString.java:14)
	at String.ReverseString.reverseString_1(ReverseString.java:14)
	at String.ReverseString.reverseString_1(ReverseString.java:14)
	at String.ReverseString.reverseString_1(ReverseString.java:14)
	at String.ReverseString.reverseString_1(ReverseString.java:14)
	at String.ReverseString.reverseString_1(ReverseString.java:14)
	at String.ReverseString.reverseString_1(ReverseString.java:14)
	at String.ReverseString.reverseString_1(ReverseString.java:14)
	at String.ReverseString.reverseString_1(ReverseString.java:14)
	at String.ReverseString.reverseString_1(ReverseString.java:14)
	at String.ReverseString.reverseString_1(ReverseString.java:14)
	at String.ReverseString.reverseString_1(ReverseString.java:14)
	at String.ReverseString.reverseString_1(ReverseString.java:14)
	at String.ReverseString.reverseString_1(ReverseString.java:14)
	at String.ReverseString.reverseString_1(ReverseString.java:14)
	at String.ReverseString.reverseString_1(ReverseString.java:14)
	at String.ReverseString.reverseString_1(ReverseString.java:14)
	at String.ReverseString.reverseString_1(ReverseString.java:14)
	at String.ReverseString.reverseString_1(ReverseString.java:14)
	at String.ReverseString.reverseString_1(ReverseString.java:14)
	at String.ReverseString.reverseString_1(ReverseString.java:14)
	at String.ReverseString.reverseString_1(ReverseString.java:14)
	at String.ReverseString.reverseString_1(ReverseString.java:14)
	at String.ReverseString.reverseString_1(ReverseString.java:14)
	at String.ReverseString.reverseString_1(ReverseString.java:14)
	at String.ReverseString.reverseString_1(ReverseString.java:14)
	at String.ReverseString.reverseString_1(ReverseString.java:14)
	at String.ReverseString.reverseString_1(ReverseString.java:14)
	at String.ReverseString.reverseString_1(ReverseString.java:14)
	at String.ReverseString.reverseString_1(ReverseString.java:14)
	at String.ReverseString.reverseString_1(ReverseString.java:14)
	at String.ReverseString.reverseString_1(ReverseString.java:14)
	at String.ReverseString.reverseString_1(ReverseString.java:14)
	at String.ReverseString.reverseString_1(ReverseString.java:14)
	at String.ReverseString.reverseString_1(ReverseString.java:14)
	at String.ReverseString.reverseString_1(ReverseString.java:14)
	at String.ReverseString.reverseString_1(ReverseString.java:14)
	at String.ReverseString.reverseString_1(ReverseString.java:14)
	at String.ReverseString.reverseString_1(ReverseString.java:14)
	at String.ReverseString.reverseString_1(ReverseString.java:14)
	at String.ReverseString.reverseString_1(ReverseString.java:14)
	at String.ReverseString.reverseString_1(ReverseString.java:14)
	at String.ReverseString.reverseString_1(ReverseString.java:14)
	at String.ReverseString.reverseString_1(ReverseString.java:14)
	at String.ReverseString.reverseString_1(ReverseString.java:14)
	at String.ReverseString.reverseString_1(ReverseString.java:14)
	at String.ReverseString.reverseString_1(ReverseString.java:14)
	at String.ReverseString.reverseString_1(ReverseString.java:14)
	at String.ReverseString.reverseString_1(ReverseString.java:14)
	at String.ReverseString.reverseString_1(ReverseString.java:14)
	at String.ReverseString.reverseString_1(ReverseString.java:14)
	at String.ReverseString.reverseString_1(ReverseString.java:14)
	at String.ReverseString.reverseString_1(ReverseString.java:14)
	at String.ReverseString.reverseString_1(ReverseString.java:14)
	at String.ReverseString.reverseString_1(ReverseString.java:14)
	at String.ReverseString.reverseString_1(ReverseString.java:14)
	at String.ReverseString.reverseString_1(ReverseString.java:14)
	at String.ReverseString.reverseString_1(ReverseString.java:14)
	at String.ReverseString.reverseString_1(ReverseString.java:14)
	at String.ReverseString.reverseString_1(ReverseString.java:14)
	at String.ReverseString.reverseString_1(ReverseString.java:14)
	at String.ReverseString.reverseString_1(ReverseString.java:14)
	at String.ReverseString.reverseString_1(ReverseString.java:14)
	at String.ReverseString.reverseString_1(ReverseString.java:14)
	at String.ReverseString.reverseString_1(ReverseString.java:14)
	at String.ReverseString.reverseString_1(ReverseString.java:14)
	at String.ReverseString.reverseString_1(ReverseString.java:14)
	at String.ReverseString.reverseString_1(ReverseString.java:14)
	at String.ReverseString.reverseString_1(ReverseString.java:14)
	at String.ReverseString.reverseString_1(ReverseString.java:14)
	at String.ReverseString.reverseString_1(ReverseString.java:14)
	at String.ReverseString.reverseString_1(ReverseString.java:14)
	at String.ReverseString.reverseString_1(ReverseString.java:14)
	at String.ReverseString.reverseString_1(ReverseString.java:14)
	at String.ReverseString.reverseString_1(ReverseString.java:14)
	at String.ReverseString.reverseString_1(ReverseString.java:14)
	at String.ReverseString.reverseString_1(ReverseString.java:14)
	at String.ReverseString.reverseString_1(ReverseString.java:14)
	at String.ReverseString.reverseString_1(ReverseString.java:14)
	at String.ReverseString.reverseString_1(ReverseString.java:14)
	at String.ReverseString.reverseString_1(ReverseString.java:14)
	at String.ReverseString.reverseString_1(ReverseString.java:14)
	at String.ReverseString.reverseString_1(ReverseString.java:14)
	at String.ReverseString.reverseString_1(ReverseString.java:14)
	at String.ReverseString.reverseString_1(ReverseString.java:14)
	at String.ReverseString.reverseString_1(ReverseString.java:14)
	at String.ReverseString.reverseString_1(ReverseString.java:14)
	at String.ReverseString.reverseString_1(ReverseString.java:14)
	at String.ReverseString.reverseString_1(ReverseString.java:14)
	at String.ReverseString.reverseString_1(ReverseString.java:14)
	at String.ReverseString.reverseString_1(ReverseString.java:14)
	at String.ReverseString.reverseString_1(ReverseString.java:14)
	at String.ReverseString.reverseString_1(ReverseString.java:14)
	at String.ReverseString.reverseString_1(ReverseString.java:14)
	at String.ReverseString.reverseString_1(ReverseString.java:14)
	at String.ReverseString.reverseString_1(ReverseString.java:14)
	at String.ReverseString.reverseString_1(ReverseString.java:14)
	at String.ReverseString.reverseString_1(ReverseString.java:14)
	at String.ReverseString.reverseString_1(ReverseString.java:14)
	at String.ReverseString.reverseString_1(ReverseString.java:14)
	at String.ReverseString.reverseString_1(ReverseString.java:14)
	at String.ReverseString.reverseString_1(ReverseString.java:14)
	at String.ReverseString.reverseString_1(ReverseString.java:14)
	at String.ReverseString.reverseString_1(ReverseString.java:14)
	at String.ReverseString.reverseString_1(ReverseString.java:14)
	at String.ReverseString.reverseString_1(ReverseString.java:14)
	at String.ReverseString.reverseString_1(ReverseString.java:14)
	at String.ReverseString.reverseString_1(ReverseString.java:14)
	at String.ReverseString.reverseString_1(ReverseString.java:14)
	at String.ReverseString.reverseString_1(ReverseString.java:14)
	at String.ReverseString.reverseString_1(ReverseString.java:14)
	at String.ReverseString.reverseString_1(ReverseString.java:14)
	at String.ReverseString.reverseString_1(ReverseString.java:14)
	at String.ReverseString.reverseString_1(ReverseString.java:14)
	at String.ReverseString.reverseString_1(ReverseString.java:14)
	at String.ReverseString.reverseString_1(ReverseString.java:14)
	at String.ReverseString.reverseString_1(ReverseString.java:14)
	at String.ReverseString.reverseString_1(ReverseString.java:14)
	at String.ReverseString.reverseString_1(ReverseString.java:14)
	at String.ReverseString.reverseString_1(ReverseString.java:14)
	at String.ReverseString.reverseString_1(ReverseString.java:14)
	at String.ReverseString.reverseString_1(ReverseString.java:14)
	at String.ReverseString.reverseString_1(ReverseString.java:14)
	at String.ReverseString.reverseString_1(ReverseString.java:14)
	at String.ReverseString.reverseString_1(ReverseString.java:14)
	at String.ReverseString.reverseString_1(ReverseString.java:14)
	at String.ReverseString.reverseString_1(ReverseString.java:14)
	at String.ReverseString.reverseString_1(ReverseString.java:14)
	at String.ReverseString.reverseString_1(ReverseString.java:14)
	at String.ReverseString.reverseString_1(ReverseString.java:14)
	at String.ReverseString.reverseString_1(ReverseString.java:14)
	at String.ReverseString.reverseString_1(ReverseString.java:14)
	at String.ReverseString.reverseString_1(ReverseString.java:14)
	at String.ReverseString.reverseString_1(ReverseString.java:14)
	at String.ReverseString.reverseString_1(ReverseString.java:14)
	at String.ReverseString.reverseString_1(ReverseString.java:14)
	at String.ReverseString.reverseString_1(ReverseString.java:14)
	at String.ReverseString.reverseString_1(ReverseString.java:14)
	at String.ReverseString.reverseString_1(ReverseString.java:14)
	at String.ReverseString.reverseString_1(ReverseString.java:14)
	at String.ReverseString.reverseString_1(ReverseString.java:14)
	at String.ReverseString.reverseString_1(ReverseString.java:14)
	at String.ReverseString.reverseString_1(ReverseString.java:14)
	at String.ReverseString.reverseString_1(ReverseString.java:14)
	at String.ReverseString.reverseString_1(ReverseString.java:14)
	at String.ReverseString.reverseString_1(ReverseString.java:14)
	at String.ReverseString.reverseString_1(ReverseString.java:14)
	at String.ReverseString.reverseString_1(ReverseString.java:14)
	at String.ReverseString.reverseString_1(ReverseString.java:14)
	at String.ReverseString.reverseString_1(ReverseString.java:14)
	at String.ReverseString.reverseString_1(ReverseString.java:14)
	at String.ReverseString.reverseString_1(ReverseString.java:14)
	at String.ReverseString.reverseString_1(ReverseString.java:14)
	at String.ReverseString.reverseString_1(ReverseString.java:14)
	at String.ReverseString.reverseString_1(ReverseString.java:14)
	at String.ReverseString.reverseString_1(ReverseString.java:14)
	at String.ReverseString.reverseString_1(ReverseString.java:14)
	at String.ReverseString.reverseString_1(ReverseString.java:14)
	at String.ReverseString.reverseString_1(ReverseString.java:14)
	at String.ReverseString.reverseString_1(ReverseString.java:14)
	at String.ReverseString.reverseString_1(ReverseString.java:14)
	at String.ReverseString.reverseString_1(ReverseString.java:14)
	at String.ReverseString.reverseString_1(ReverseString.java:14)
	at String.ReverseString.reverseString_1(ReverseString.java:14)
	at String.ReverseString.reverseString_1(ReverseString.java:14)
	at String.ReverseString.reverseString_1(ReverseString.java:14)
	at String.ReverseString.reverseString_1(ReverseString.java:14)
	at String.ReverseString.reverseString_1(ReverseString.java:14)
	at String.ReverseString.reverseString_1(ReverseString.java:14)
	at String.ReverseString.reverseString_1(ReverseString.java:14)
	at String.ReverseString.reverseString_1(ReverseString.java:14)
	at String.ReverseString.reverseString_1(ReverseString.java:14)
	at String.ReverseString.reverseString_1(ReverseString.java:14)
	at String.ReverseString.reverseString_1(ReverseString.java:14)
	at String.ReverseString.reverseString_1(ReverseString.java:14)
	at String.ReverseString.reverseString_1(ReverseString.java:14)
	at String.ReverseString.reverseString_1(ReverseString.java:14)
	at String.ReverseString.reverseString_1(ReverseString.java:14)
	at String.ReverseString.reverseString_1(ReverseString.java:14)
	at String.ReverseString.reverseString_1(ReverseString.java:14)
	at String.ReverseString.reverseString_1(ReverseString.java:14)
	at String.ReverseString.reverseString_1(ReverseString.java:14)
	at String.ReverseString.reverseString_1(ReverseString.java:14)
	at String.ReverseString.reverseString_1(ReverseString.java:14)
	at String.ReverseString.reverseString_1(ReverseString.java:14)
	at String.ReverseString.reverseString_1(ReverseString.java:14)
	at String.ReverseString.reverseString_1(ReverseString.java:14)
	at String.ReverseString.reverseString_1(ReverseString.java:14)
	at String.ReverseString.reverseString_1(ReverseString.java:14)
	at String.ReverseString.reverseString_1(ReverseString.java:14)
	at String.ReverseString.reverseString_1(ReverseString.java:14)
	at String.ReverseString.reverseString_1(ReverseString.java:14)
	at String.ReverseString.reverseString_1(ReverseString.java:14)
	at String.ReverseString.reverseString_1(ReverseString.java:14)
	at String.ReverseString.reverseString_1(ReverseString.java:14)
	at String.ReverseString.reverseString_1(ReverseString.java:14)
	at String.ReverseString.reverseString_1(ReverseString.java:14)
	at String.ReverseString.reverseString_1(ReverseString.java:14)
	at String.ReverseString.reverseString_1(ReverseString.java:14)
	at String.ReverseString.reverseString_1(ReverseString.java:14)
	at String.ReverseString.reverseString_1(ReverseString.java:14)
	at String.ReverseString.reverseString_1(ReverseString.java:14)
	at String.ReverseString.reverseString_1(ReverseString.java:14)
	at String.ReverseString.reverseString_1(ReverseString.java:14)
	at String.ReverseString.reverseString_1(ReverseString.java:14)
	at String.ReverseString.reverseString_1(ReverseString.java:14)
	at String.ReverseString.reverseString_1(ReverseString.java:14)
	at String.ReverseString.reverseString_1(ReverseString.java:14)
	at String.ReverseString.reverseString_1(ReverseString.java:14)
	at String.ReverseString.reverseString_1(ReverseString.java:14)
	at String.ReverseString.reverseString_1(ReverseString.java:14)
	at String.ReverseString.reverseString_1(ReverseString.java:14)
	at String.ReverseString.reverseString_1(ReverseString.java:14)
	at String.ReverseString.reverseString_1(ReverseString.java:14)
	at String.ReverseString.reverseString_1(ReverseString.java:14)
	at String.ReverseString.reverseString_1(ReverseString.java:14)
	at String.ReverseString.reverseString_1(ReverseString.java:14)
	at String.ReverseString.reverseString_1(ReverseString.java:14)
	at String.ReverseString.reverseString_1(ReverseString.java:14)
	at String.ReverseString.reverseString_1(ReverseString.java:14)
	at String.ReverseString.reverseString_1(ReverseString.java:14)
	at String.ReverseString.reverseString_1(ReverseString.java:14)
	at String.ReverseString.reverseString_1(ReverseString.java:14)
	at String.ReverseString.reverseString_1(ReverseString.java:14)
	at String.ReverseString.reverseString_1(ReverseString.java:14)
	at String.ReverseString.reverseString_1(ReverseString.java:14)
	at String.ReverseString.reverseString_1(ReverseString.java:14)
	at String.ReverseString.reverseString_1(ReverseString.java:14)
	at String.ReverseString.reverseString_1(ReverseString.java:14)
	at String.ReverseString.reverseString_1(ReverseString.java:14)
	at String.ReverseString.reverseString_1(ReverseString.java:14)
	at String.ReverseString.reverseString_1(ReverseString.java:14)
	at String.ReverseString.reverseString_1(ReverseString.java:14)
	at String.ReverseString.reverseString_1(ReverseString.java:14)
	at String.ReverseString.reverseString_1(ReverseString.java:14)
	at String.ReverseString.reverseString_1(ReverseString.java:14)
	at String.ReverseString.reverseString_1(ReverseString.java:14)
	at String.ReverseString.reverseString_1(ReverseString.java:14)
	at String.ReverseString.reverseString_1(ReverseString.java:14)
	at String.ReverseString.reverseString_1(ReverseString.java:14)
	at String.ReverseString.reverseString_1(ReverseString.java:14)
	at String.ReverseString.reverseString_1(ReverseString.java:14)
	at String.ReverseString.reverseString_1(ReverseString.java:14)
	at String.ReverseString.reverseString_1(ReverseString.java:14)
	at String.ReverseString.reverseString_1(ReverseString.java:14)
	at String.ReverseString.reverseString_1(ReverseString.java:14)
	at String.ReverseString.reverseString_1(ReverseString.java:14)
	at String.ReverseString.reverseString_1(ReverseString.java:14)
	at String.ReverseString.reverseString_1(ReverseString.java:14)
	at String.ReverseString.reverseString_1(ReverseString.java:14)
	at String.ReverseString.reverseString_1(ReverseString.java:14)
	at String.ReverseString.reverseString_1(ReverseString.java:14)
	at String.ReverseString.reverseString_1(ReverseString.java:14)
	at String.ReverseString.reverseString_1(ReverseString.java:14)
	at String.ReverseString.reverseString_1(ReverseString.java:14)
	at String.ReverseString.reverseString_1(ReverseString.java:14)
	at String.ReverseString.reverseString_1(ReverseString.java:14)
	at String.ReverseString.reverseString_1(ReverseString.java:14)
	at String.ReverseString.reverseString_1(ReverseString.java:14)
	at String.ReverseString.reverseString_1(ReverseString.java:14)
	at String.ReverseString.reverseString_1(ReverseString.java:14)
	at String.ReverseString.reverseString_1(ReverseString.java:14)
	at String.ReverseString.reverseString_1(ReverseString.java:14)
	at String.ReverseString.reverseString_1(ReverseString.java:14)
	at String.ReverseString.reverseString_1(ReverseString.java:14)
	at String.ReverseString.reverseString_1(ReverseString.java:14)
	at String.ReverseString.reverseString_1(ReverseString.java:14)
	at String.ReverseString.reverseString_1(ReverseString.java:14)
	at String.ReverseString.reverseString_1(ReverseString.java:14)
	at String.ReverseString.reverseString_1(ReverseString.java:14)
	at String.ReverseString.reverseString_1(ReverseString.java:14)
	at String.ReverseString.reverseString_1(ReverseString.java:14)
	at String.ReverseString.reverseString_1(ReverseString.java:14)
	at String.ReverseString.reverseString_1(ReverseString.java:14)
	at String.ReverseString.reverseString_1(ReverseString.java:14)
	at String.ReverseString.reverseString_1(ReverseString.java:14)
	at String.ReverseString.reverseString_1(ReverseString.java:14)
	at String.ReverseString.reverseString_1(ReverseString.java:14)
	at String.ReverseString.reverseString_1(ReverseString.java:14)
	at String.ReverseString.reverseString_1(ReverseString.java:14)
	at String.ReverseString.reverseString_1(ReverseString.java:14)
	at String.ReverseString.reverseString_1(ReverseString.java:14)
	at String.ReverseString.reverseString_1(ReverseString.java:14)
	at String.ReverseString.reverseString_1(ReverseString.java:14)
	at String.ReverseString.reverseString_1(ReverseString.java:14)
	at String.ReverseString.reverseString_1(ReverseString.java:14)
	at String.ReverseString.reverseString_1(ReverseString.java:14)
	at String.ReverseString.reverseString_1(ReverseString.java:14)
	at String.ReverseString.reverseString_1(ReverseString.java:14)
	at String.ReverseString.reverseString_1(ReverseString.java:14)
	at String.ReverseString.reverseString_1(ReverseString.java:14)
	at String.ReverseString.reverseString_1(ReverseString.java:14)
	at String.ReverseString.reverseString_1(ReverseString.java:14)
	at String.ReverseString.reverseString_1(ReverseString.java:14)
	at String.ReverseString.reverseString_1(ReverseString.java:14)
	at String.ReverseString.reverseString_1(ReverseString.java:14)
	at String.ReverseString.reverseString_1(ReverseString.java:14)
	at String.ReverseString.reverseString_1(ReverseString.java:14)
	at String.ReverseString.reverseString_1(ReverseString.java:14)
	at String.ReverseString.reverseString_1(ReverseString.java:14)
	at String.ReverseString.reverseString_1(ReverseString.java:14)
	at String.ReverseString.reverseString_1(ReverseString.java:14)
	at String.ReverseString.reverseString_1(ReverseString.java:14)
	at String.ReverseString.reverseString_1(ReverseString.java:14)
	at String.ReverseString.reverseString_1(ReverseString.java:14)
	at String.ReverseString.reverseString_1(ReverseString.java:14)
	at String.ReverseString.reverseString_1(ReverseString.java:14)
	at String.ReverseString.reverseString_1(ReverseString.java:14)
	at String.ReverseString.reverseString_1(ReverseString.java:14)
	at String.ReverseString.reverseString_1(ReverseString.java:14)
	at String.ReverseString.reverseString_1(ReverseString.java:14)
	at String.ReverseString.reverseString_1(ReverseString.java:14)
	at String.ReverseString.reverseString_1(ReverseString.java:14)
	at String.ReverseString.reverseString_1(ReverseString.java:14)
	at String.ReverseString.reverseString_1(ReverseString.java:14)
	at String.ReverseString.reverseString_1(ReverseString.java:14)
	at String.ReverseString.reverseString_1(ReverseString.java:14)
	at String.ReverseString.reverseString_1(ReverseString.java:14)
	at String.ReverseString.reverseString_1(ReverseString.java:14)
	at String.ReverseString.reverseString_1(ReverseString.java:14)
	at String.ReverseString.reverseString_1(ReverseString.java:14)
	at String.ReverseString.reverseString_1(ReverseString.java:14)
	at String.ReverseString.reverseString_1(ReverseString.java:14)
	at String.ReverseString.reverseString_1(ReverseString.java:14)
	at String.ReverseString.reverseString_1(ReverseString.java:14)
	at String.ReverseString.reverseString_1(ReverseString.java:14)
	at String.ReverseString.reverseString_1(ReverseString.java:14)
	at String.ReverseString.reverseString_1(ReverseString.java:14)
	at String.ReverseString.reverseString_1(ReverseString.java:14)
	at String.ReverseString.reverseString_1(ReverseString.java:14)
	at String.ReverseString.reverseString_1(ReverseString.java:14)
	at String.ReverseString.reverseString_1(ReverseString.java:14)
	at String.ReverseString.reverseString_1(ReverseString.java:14)
	at String.ReverseString.reverseString_1(ReverseString.java:14)
	at String.ReverseString.reverseString_1(ReverseString.java:14)
	at String.ReverseString.reverseString_1(ReverseString.java:14)
	at String.ReverseString.reverseString_1(ReverseString.java:14)
	at String.ReverseString.reverseString_1(ReverseString.java:14)
	at String.ReverseString.reverseString_1(ReverseString.java:14)
	at String.ReverseString.reverseString_1(ReverseString.java:14)
	at String.ReverseString.reverseString_1(ReverseString.java:14)
	at String.ReverseString.reverseString_1(ReverseString.java:14)
	at String.ReverseString.reverseString_1(ReverseString.java:14)
	at String.ReverseString.reverseString_1(ReverseString.java:14)
	at String.ReverseString.reverseString_1(ReverseString.java:14)
	at String.ReverseString.reverseString_1(ReverseString.java:14)
	at String.ReverseString.reverseString_1(ReverseString.java:14)
	at String.ReverseString.reverseString_1(ReverseString.java:14)
	at String.ReverseString.reverseString_1(ReverseString.java:14)
	at String.ReverseString.reverseString_1(ReverseString.java:14)
	at String.ReverseString.reverseString_1(ReverseString.java:14)
	at String.ReverseString.reverseString_1(ReverseString.java:14)
	at String.ReverseString.reverseString_1(ReverseString.java:14)
	at String.ReverseString.reverseString_1(ReverseString.java:14)
	at String.ReverseString.reverseString_1(ReverseString.java:14)
	at String.ReverseString.reverseString_1(ReverseString.java:14)
	at String.ReverseString.reverseString_1(ReverseString.java:14)
	at String.ReverseString.reverseString_1(ReverseString.java:14)
	at String.ReverseString.reverseString_1(ReverseString.java:14)
	at String.ReverseString.reverseString_1(ReverseString.java:14)
	at String.ReverseString.reverseString_1(ReverseString.java:14)
	at String.ReverseString.reverseString_1(ReverseString.java:14)
	at String.ReverseString.reverseString_1(ReverseString.java:14)
	at String.ReverseString.reverseString_1(ReverseString.java:14)
	at String.ReverseString.reverseString_1(ReverseString.java:14)
	at String.ReverseString.reverseString_1(ReverseString.java:14)
	at String.ReverseString.reverseString_1(ReverseString.java:14)
	at String.ReverseString.reverseString_1(ReverseString.java:14)
	at String.ReverseString.reverseString_1(ReverseString.java:14)
	at String.ReverseString.reverseString_1(ReverseString.java:14)
	at String.ReverseString.reverseString_1(ReverseString.java:14)
	at String.ReverseString.reverseString_1(ReverseString.java:14)
	at String.ReverseString.reverseString_1(ReverseString.java:14)
	at String.ReverseString.reverseString_1(ReverseString.java:14)
	at String.ReverseString.reverseString_1(ReverseString.java:14)
	at String.ReverseString.reverseString_1(ReverseString.java:14)
	at String.ReverseString.reverseString_1(ReverseString.java:14)
	at String.ReverseString.reverseString_1(ReverseString.java:14)
	at String.ReverseString.reverseString_1(ReverseString.java:14)
	at String.ReverseString.reverseString_1(ReverseString.java:14)
	at String.ReverseString.reverseString_1(ReverseString.java:14)
	at String.ReverseString.reverseString_1(ReverseString.java:14)
	at String.ReverseString.reverseString_1(ReverseString.java:14)
	at String.ReverseString.reverseString_1(ReverseString.java:14)
	at String.ReverseString.reverseString_1(ReverseString.java:14)
	at String.ReverseString.reverseString_1(ReverseString.java:14)
	at String.ReverseString.reverseString_1(ReverseString.java:14)
	at String.ReverseString.reverseString_1(ReverseString.java:14)
	at String.ReverseString.reverseString_1(ReverseString.java:14)
	at String.ReverseString.reverseString_1(ReverseString.java:14)
	at String.ReverseString.reverseString_1(ReverseString.java:14)
	at String.ReverseString.reverseString_1(ReverseString.java:14)
	at String.ReverseString.reverseString_1(ReverseString.java:14)
	at String.ReverseString.reverseString_1(ReverseString.java:14)
	at String.ReverseString.reverseString_1(ReverseString.java:14)
	at String.ReverseString.reverseString_1(ReverseString.java:14)
	at String.ReverseString.reverseString_1(ReverseString.java:14)
	at String.ReverseString.reverseString_1(ReverseString.java:14)
	at String.ReverseString.reverseString_1(ReverseString.java:14)
	at String.ReverseString.reverseString_1(ReverseString.java:14)
	at String.ReverseString.reverseString_1(ReverseString.java:14)
	at String.ReverseString.reverseString_1(ReverseString.java:14)
	at String.ReverseString.reverseString_1(ReverseString.java:14)
	at String.ReverseString.reverseString_1(ReverseString.java:14)
	at String.ReverseString.reverseString_1(ReverseString.java:14)
	at String.ReverseString.reverseString_1(ReverseString.java:14)
	at String.ReverseString.reverseString_1(ReverseString.java:14)
	at String.ReverseString.reverseString_1(ReverseString.java:14)
	at String.ReverseString.reverseString_1(ReverseString.java:14)
	at String.ReverseString.reverseString_1(ReverseString.java:14)
	at String.ReverseString.reverseString_1(ReverseString.java:14)
	at String.ReverseString.reverseString_1(ReverseString.java:14)
	at String.ReverseString.reverseString_1(ReverseString.java:14)
	at String.ReverseString.reverseString_1(ReverseString.java:14)
	at String.ReverseString.reverseString_1(ReverseString.java:14)
	at String.ReverseString.reverseString_1(ReverseString.java:14)
	at String.ReverseString.reverseString_1(ReverseString.java:14)
	at String.ReverseString.reverseString_1(ReverseString.java:14)
	at String.ReverseString.reverseString_1(ReverseString.java:14)
	at String.ReverseString.reverseString_1(ReverseString.java:14)
	at String.ReverseString.reverseString_1(ReverseString.java:14)
	at String.ReverseString.reverseString_1(ReverseString.java:14)
	at String.ReverseString.reverseString_1(ReverseString.java:14)
	at String.ReverseString.reverseString_1(ReverseString.java:14)
	at String.ReverseString.reverseString_1(ReverseString.java:14)
	at String.ReverseString.reverseString_1(ReverseString.java:14)
	at String.ReverseString.reverseString_1(ReverseString.java:14)
	at String.ReverseString.reverseString_1(ReverseString.java:14)
	at String.ReverseString.reverseString_1(ReverseString.java:14)
	at String.ReverseString.reverseString_1(ReverseString.java:14)
	at String.ReverseString.reverseString_1(ReverseString.java:14)
	at String.ReverseString.reverseString_1(ReverseString.java:14)
	at String.ReverseString.reverseString_1(ReverseString.java:14)
	at String.ReverseString.reverseString_1(ReverseString.java:14)
	at String.ReverseString.reverseString_1(ReverseString.java:14)
	at String.ReverseString.reverseString_1(ReverseString.java:14)
	at String.ReverseString.reverseString_1(ReverseString.java:14)
	at String.ReverseString.reverseString_1(ReverseString.java:14)
	at String.ReverseString.reverseString_1(ReverseString.java:14)
	at String.ReverseString.reverseString_1(ReverseString.java:14)
	at String.ReverseString.reverseString_1(ReverseString.java:14)
	at String.ReverseString.reverseString_1(ReverseString.java:14)
	at String.ReverseString.reverseString_1(ReverseString.java:14)
	at String.ReverseString.reverseString_1(ReverseString.java:14)
	at String.ReverseString.reverseString_1(ReverseString.java:14)
	at String.ReverseString.reverseString_1(ReverseString.java:14)
	at String.ReverseString.reverseString_1(ReverseString.java:14)
	at String.ReverseString.reverseString_1(ReverseString.java:14)
	at String.ReverseString.reverseString_1(ReverseString.java:14)
	at String.ReverseString.reverseString_1(ReverseString.java:14)
	at String.ReverseString.reverseString_1(ReverseString.java:14)
	at String.ReverseString.reverseString_1(ReverseString.java:14)
	at String.ReverseString.reverseString_1(ReverseString.java:14)
	at String.ReverseString.reverseString_1(ReverseString.java:14)
	at String.ReverseString.reverseString_1(ReverseString.java:14)
	at String.ReverseString.reverseString_1(ReverseString.java:14)
	at String.ReverseString.reverseString_1(ReverseString.java:14)
	at String.ReverseString.reverseString_1(ReverseString.java:14)
	at String.ReverseString.reverseString_1(ReverseString.java:14)
	at String.ReverseString.reverseString_1(ReverseString.java:14)
	at String.ReverseString.reverseString_1(ReverseString.java:14)
	at String.ReverseString.reverseString_1(ReverseString.java:14)
	at String.ReverseString.reverseString_1(ReverseString.java:14)
	at String.ReverseString.reverseString_1(ReverseString.java:14)
	at String.ReverseString.reverseString_1(ReverseString.java:14)
	at String.ReverseString.reverseString_1(ReverseString.java:14)
	at String.ReverseString.reverseString_1(ReverseString.java:14)
	at String.ReverseString.reverseString_1(ReverseString.java:14)
	at String.ReverseString.reverseString_1(ReverseString.java:14)
	at String.ReverseString.reverseString_1(ReverseString.java:14)
	at String.ReverseString.reverseString_1(ReverseString.java:14)
	at String.ReverseString.reverseString_1(ReverseString.java:14)
	at String.ReverseString.reverseString_1(ReverseString.java:14)
	at String.ReverseString.reverseString_1(ReverseString.java:14)
	at String.ReverseString.reverseString_1(ReverseString.java:14)
	at String.ReverseString.reverseString_1(ReverseString.java:14)
	at String.ReverseString.reverseString_1(ReverseString.java:14)
	at String.ReverseString.reverseString_1(ReverseString.java:14)
	at String.ReverseString.reverseString_1(ReverseString.java:14)
	at String.ReverseString.reverseString_1(ReverseString.java:14)
	at String.ReverseString.reverseString_1(ReverseString.java:14)
	at String.ReverseString.reverseString_1(ReverseString.java:14)
	at String.ReverseString.reverseString_1(ReverseString.java:14)
	at String.ReverseString.reverseString_1(ReverseString.java:14)
	at String.ReverseString.reverseString_1(ReverseString.java:14)
	at String.ReverseString.reverseString_1(ReverseString.java:14)
	at String.ReverseString.reverseString_1(ReverseString.java:14)
	at String.ReverseString.reverseString_1(ReverseString.java:14)
	at String.ReverseString.reverseString_1(ReverseString.java:14)
	at String.ReverseString.reverseString_1(ReverseString.java:14)
	at String.ReverseString.reverseString_1(ReverseString.java:14)
	at String.ReverseString.reverseString_1(ReverseString.java:14)
	at String.ReverseString.reverseString_1(ReverseString.java:14)
	at String.ReverseString.reverseString_1(ReverseString.java:14)
	at String.ReverseString.reverseString_1(ReverseString.java:14)
	at String.ReverseString.reverseString_1(ReverseString.java:14)
	at String.ReverseString.reverseString_1(ReverseString.java:14)
	at String.ReverseString.reverseString_1(ReverseString.java:14)
	at String.ReverseString.reverseString_1(ReverseString.java:14)
	at String.ReverseString.reverseString_1(ReverseString.java:14)
	at String.ReverseString.reverseString_1(ReverseString.java:14)
	at String.ReverseString.reverseString_1(ReverseString.java:14)
	at String.ReverseString.reverseString_1(ReverseString.java:14)
	at String.ReverseString.reverseString_1(ReverseString.java:14)
	at String.ReverseString.reverseString_1(ReverseString.java:14)
	at String.ReverseString.reverseString_1(ReverseString.java:14)
	at String.ReverseString.reverseString_1(ReverseString.java:14)
	at String.ReverseString.reverseString_1(ReverseString.java:14)
	at String.ReverseString.reverseString_1(ReverseString.java:14)
	at String.ReverseString.reverseString_1(ReverseString.java:14)
	at String.ReverseString.reverseString_1(ReverseString.java:14)
	at String.ReverseString.reverseString_1(ReverseString.java:14)
	at String.ReverseString.reverseString_1(ReverseString.java:14)
	at String.ReverseString.reverseString_1(ReverseString.java:14)
	at String.ReverseString.reverseString_1(ReverseString.java:14)
	at String.ReverseString.reverseString_1(ReverseString.java:14)
	at String.ReverseString.reverseString_1(ReverseString.java:14)
	at String.ReverseString.reverseString_1(ReverseString.java:14)
	at String.ReverseString.reverseString_1(ReverseString.java:14)
	at String.ReverseString.reverseString_1(ReverseString.java:14)
	at String.ReverseString.reverseString_1(ReverseString.java:14)
	at String.ReverseString.reverseString_1(ReverseString.java:14)
	at String.ReverseString.reverseString_1(ReverseString.java:14)
	at String.ReverseString.reverseString_1(ReverseString.java:14)
	at String.ReverseString.reverseString_1(ReverseString.java:14)
	at String.ReverseString.reverseString_1(ReverseString.java:14)
	at String.ReverseString.reverseString_1(ReverseString.java:14)
	at String.ReverseString.reverseString_1(ReverseString.java:14)
	at String.ReverseString.reverseString_1(ReverseString.java:14)
	at String.ReverseString.reverseString_1(ReverseString.java:14)
	at String.ReverseString.reverseString_1(ReverseString.java:14)
	at String.ReverseString.reverseString_1(ReverseString.java:14)
	at String.ReverseString.reverseString_1(ReverseString.java:14)
	at String.ReverseString.reverseString_1(ReverseString.java:14)
	at String.ReverseString.reverseString_1(ReverseString.java:14)
	at String.ReverseString.reverseString_1(ReverseString.java:14)
	at String.ReverseString.reverseString_1(ReverseString.java:14)
	at String.ReverseString.reverseString_1(ReverseString.java:14)
	at String.ReverseString.reverseString_1(ReverseString.java:14)
	at String.ReverseString.reverseString_1(ReverseString.java:14)
	at String.ReverseString.reverseString_1(ReverseString.java:14)
	at String.ReverseString.reverseString_1(ReverseString.java:14)
	at String.ReverseString.reverseString_1(ReverseString.java:14)
	at String.ReverseString.reverseString_1(ReverseString.java:14)
	at String.ReverseString.reverseString_1(ReverseString.java:14)
	at String.ReverseString.reverseString_1(ReverseString.java:14)
	at String.ReverseString.reverseString_1(ReverseString.java:14)
	at String.ReverseString.reverseString_1(ReverseString.java:14)
	at String.ReverseString.reverseString_1(ReverseString.java:14)
	at String.ReverseString.reverseString_1(ReverseString.java:14)
	at String.ReverseString.reverseString_1(ReverseString.java:14)
	at String.ReverseString.reverseString_1(ReverseString.java:14)
	at String.ReverseString.reverseString_1(ReverseString.java:14)
	at String.ReverseString.reverseString_1(ReverseString.java:14)
	at String.ReverseString.reverseString_1(ReverseString.java:14)
	at String.ReverseString.reverseString_1(ReverseString.java:14)
	at String.ReverseString.reverseString_1(ReverseString.java:14)
	at String.ReverseString.reverseString_1(ReverseString.java:14)
	at String.ReverseString.reverseString_1(ReverseString.java:14)
	at String.ReverseString.reverseString_1(ReverseString.java:14)
	at String.ReverseString.reverseString_1(ReverseString.java:14)
	at String.ReverseString.reverseString_1(ReverseString.java:14)
	at String.ReverseString.reverseString_1(ReverseString.java:14)
	at String.ReverseString.reverseString_1(ReverseString.java:14)
	at String.ReverseString.reverseString_1(ReverseString.java:14)
	at String.ReverseString.reverseString_1(ReverseString.java:14)
	at String.ReverseString.reverseString_1(ReverseString.java:14)
	at String.ReverseString.reverseString_1(ReverseString.java:14)
	at String.ReverseString.reverseString_1(ReverseString.java:14)
	at String.ReverseString.reverseString_1(ReverseString.java:14)
	at String.ReverseString.reverseString_1(ReverseString.java:14)
	at String.ReverseString.reverseString_1(ReverseString.java:14)
	at String.ReverseString.reverseString_1(ReverseString.java:14)
	at String.ReverseString.reverseString_1(ReverseString.java:14)
	at String.ReverseString.reverseString_1(ReverseString.java:14)
	at String.ReverseString.reverseString_1(ReverseString.java:14)
	at String.ReverseString.reverseString_1(ReverseString.java:14)
	at String.ReverseString.reverseString_1(ReverseString.java:14)
	at String.ReverseString.reverseString_1(ReverseString.java:14)
	at String.ReverseString.reverseString_1(ReverseString.java:14)
	at String.ReverseString.reverseString_1(ReverseString.java:14)
	at String.ReverseString.reverseString_1(ReverseString.java:14)
	at String.ReverseString.reverseString_1(ReverseString.java:14)
	at String.ReverseString.reverseString_1(ReverseString.java:14)
	at String.ReverseString.reverseString_1(ReverseString.java:14)
	at String.ReverseString.reverseString_1(ReverseString.java:14)
	at String.ReverseString.reverseString_1(ReverseString.java:14)
	at String.ReverseString.reverseString_1(ReverseString.java:14)
	at String.ReverseString.reverseString_1(ReverseString.java:14)
	at String.ReverseString.reverseString_1(ReverseString.java:14)
	at String.ReverseString.reverseString_1(ReverseString.java:14)
	at String.ReverseString.reverseString_1(ReverseString.java:14)
	at String.ReverseString.reverseString_1(ReverseString.java:14)
	at String.ReverseString.reverseString_1(ReverseString.java:14)
	at String.ReverseString.reverseString_1(ReverseString.java:14)
	at String.ReverseString.reverseString_1(ReverseString.java:14)
	at String.ReverseString.reverseString_1(ReverseString.java:14)
	at String.ReverseString.reverseString_1(ReverseString.java:14)
	at String.ReverseString.reverseString_1(ReverseString.java:14)
	at String.ReverseString.reverseString_1(ReverseString.java:14)
	at String.ReverseString.reverseString_1(ReverseString.java:14)
	at String.ReverseString.reverseString_1(ReverseString.java:14)
	at String.ReverseString.reverseString_1(ReverseString.java:14)
	at String.ReverseString.reverseString_1(ReverseString.java:14)
	at String.ReverseString.reverseString_1(ReverseString.java:14)
	at String.ReverseString.reverseString_1(ReverseString.java:14)
	at String.ReverseString.reverseString_1(ReverseString.java:14)
	at String.ReverseString.reverseString_1(ReverseString.java:14)
	at String.ReverseString.reverseString_1(ReverseString.java:14)
	at String.ReverseString.reverseString_1(ReverseString.java:14)
	at String.ReverseString.reverseString_1(ReverseString.java:14)
	at String.ReverseString.reverseString_1(ReverseString.java:14)
	at String.ReverseString.reverseString_1(ReverseString.java:14)
	at String.ReverseString.reverseString_1(ReverseString.java:14)
	at String.ReverseString.reverseString_1(ReverseString.java:14)
	at String.ReverseString.reverseString_1(ReverseString.java:14)
	at String.ReverseString.reverseString_1(ReverseString.java:14)
	at String.ReverseString.reverseString_1(ReverseString.java:14)
	at String.ReverseString.reverseString_1(ReverseString.java:14)
	at String.ReverseString.reverseString_1(ReverseString.java:14)
	at String.ReverseString.reverseString_1(ReverseString.java:14)
	at String.ReverseString.reverseString_1(ReverseString.java:14)
	at String.ReverseString.reverseString_1(ReverseString.java:14)
	at String.ReverseString.reverseString_1(ReverseString.java:14)
	at String.ReverseString.reverseString_1(ReverseString.java:14)
	at String.ReverseString.reverseString_1(ReverseString.java:14)
	at String.ReverseString.reverseString_1(ReverseString.java:14)
	at String.ReverseString.reverseString_1(ReverseString.java:14)
	at String.ReverseString.reverseString_1(ReverseString.java:14)
	at String.ReverseString.reverseString_1(ReverseString.java:14)
	at String.ReverseString.reverseString_1(ReverseString.java:14)
	at String.ReverseString.reverseString_1(ReverseString.java:14)
	at String.ReverseString.reverseString_1(ReverseString.java:14)
	at String.ReverseString.reverseString_1(ReverseString.java:14)
	at String.ReverseString.reverseString_1(ReverseString.java:14)
	at String.ReverseString.reverseString_1(ReverseString.java:14)
	at String.ReverseString.reverseString_1(ReverseString.java:14)
	at String.ReverseString.reverseString_1(ReverseString.java:14)
	at String.ReverseString.reverseString_1(ReverseString.java:14)
	at String.ReverseString.reverseString_1(ReverseString.java:14)
	at String.ReverseString.reverseString_1(ReverseString.java:14)
	at String.ReverseString.reverseString_1(ReverseString.java:14)
	at String.ReverseString.reverseString_1(ReverseString.java:14)
	at String.ReverseString.reverseString_1(ReverseString.java:14)
	at String.ReverseString.reverseString_1(ReverseString.java:14)
	at String.ReverseString.reverseString_1(ReverseString.java:14)
	at String.ReverseString.reverseString_1(ReverseString.java:14)
	at String.ReverseString.reverseString_1(ReverseString.java:14)
	at String.ReverseString.reverseString_1(ReverseString.java:14)
	at String.ReverseString.reverseString_1(ReverseString.java:14)
	at String.ReverseString.reverseString_1(ReverseString.java:14)
	at String.ReverseString.reverseString_1(ReverseString.java:14)
	at String.ReverseString.reverseString_1(ReverseString.java:14)
	at String.ReverseString.reverseString_1(ReverseString.java:14)
	at String.ReverseString.reverseString_1(ReverseString.java:14)
	at String.ReverseString.reverseString_1(ReverseString.java:14)
	at String.ReverseString.reverseString_1(ReverseString.java:14)
	at String.ReverseString.reverseString_1(ReverseString.java:14)
	at String.ReverseString.reverseString_1(ReverseString.java:14)
	at String.ReverseString.reverseString_1(ReverseString.java:14)
	at String.ReverseString.reverseString_1(ReverseString.java:14)
	at String.ReverseString.reverseString_1(ReverseString.java:14)
	at String.ReverseString.reverseString_1(ReverseString.java:14)
	at String.ReverseString.reverseString_1(ReverseString.java:14)
	at String.ReverseString.reverseString_1(ReverseString.java:14)
	at String.ReverseString.reverseString_1(ReverseString.java:14)
	at String.ReverseString.reverseString_1(ReverseString.java:14)
	at String.ReverseString.reverseString_1(ReverseString.java:14)
	at String.ReverseString.reverseString_1(ReverseString.java:14)
	at String.ReverseString.reverseString_1(ReverseString.java:14)
	at String.ReverseString.reverseString_1(ReverseString.java:14)
	at String.ReverseString.reverseString_1(ReverseString.java:14)
	at String.ReverseString.reverseString_1(ReverseString.java:14)
	at String.ReverseString.reverseString_1(ReverseString.java:14)
	at String.ReverseString.reverseString_1(ReverseString.java:14)
	at String.ReverseString.reverseString_1(ReverseString.java:14)
	at String.ReverseString.reverseString_1(ReverseString.java:14)
]]>
    </failure>
  </testcase> <!-- test -->
</testsuite> <!-- Test -->
